<?xml version="1.0" encoding="UTF-8"?>
<testsuite name="com.fashion.api.employee.application.service.EmployeeQueryServiceTest" tests="2" skipped="0" failures="0" errors="0" timestamp="2024-10-01T12:57:09" hostname="DESKTOP-PO0IN52" time="0.058">
  <properties/>
  <testcase name="직원 목록 조회 테스트 - 페이징()" classname="com.fashion.api.employee.application.service.EmployeeQueryServiceTest" time="0.05"/>
  <testcase name="직원 이름으로 조회 테스트()" classname="com.fashion.api.employee.application.service.EmployeeQueryServiceTest" time="0.007"/>
  <system-out><![CDATA[2024-10-01T21:57:03.913+09:00  INFO 32416 --- [    Test worker] t.c.s.AnnotationConfigContextLoaderUtils : Could not detect default configuration classes for test class [com.fashion.api.employee.application.service.EmployeeQueryServiceTest]: EmployeeQueryServiceTest does not declare any static, non-private, non-final, nested classes annotated with @Configuration.
2024-10-01T21:57:03.965+09:00  INFO 32416 --- [    Test worker] .b.t.c.SpringBootTestContextBootstrapper : Found @SpringBootConfiguration com.fashion.api.FashionApplication for test class com.fashion.api.employee.application.service.EmployeeQueryServiceTest

  .   ____          _            __ _ _
 /\\ / ___'_ __ _ _(_)_ __  __ _ \ \ \ \
( ( )\___ | '_ | '_| | '_ \/ _` | \ \ \ \
 \\/  ___)| |_)| | | | | || (_| |  ) ) ) )
  '  |____| .__|_| |_|_| |_\__, | / / / /
 =========|_|==============|___/=/_/_/_/

 :: Spring Boot ::                (v3.3.3)

2024-10-01T21:57:04.068+09:00  INFO 32416 --- [    Test worker] c.f.a.e.a.s.EmployeeQueryServiceTest     : Starting EmployeeQueryServiceTest using Java 21.0.4 with PID 32416 (started by Giyeol Yang in D:\clovirtual-fashion-api)
2024-10-01T21:57:04.068+09:00  INFO 32416 --- [    Test worker] c.f.a.e.a.s.EmployeeQueryServiceTest     : No active profile set, falling back to 1 default profile: "default"
2024-10-01T21:57:05.313+09:00  INFO 32416 --- [    Test worker] .s.d.r.c.RepositoryConfigurationDelegate : Bootstrapping Spring Data JPA repositories in DEFAULT mode.
2024-10-01T21:57:05.334+09:00  INFO 32416 --- [    Test worker] .s.d.r.c.RepositoryConfigurationDelegate : Finished Spring Data repository scanning in 20 ms. Found 1 JPA repository interface.
2024-10-01T21:57:05.977+09:00  INFO 32416 --- [    Test worker] o.hibernate.jpa.internal.util.LogHelper  : HHH000204: Processing PersistenceUnitInfo [name: default]
2024-10-01T21:57:05.982+09:00  INFO 32416 --- [    Test worker] o.h.c.internal.RegionFactoryInitiator    : HHH000026: Second-level cache disabled
2024-10-01T21:57:05.995+09:00  INFO 32416 --- [    Test worker] o.s.o.j.p.SpringPersistenceUnitInfo      : No LoadTimeWeaver setup: ignoring JPA class transformer
2024-10-01T21:57:05.998+09:00  INFO 32416 --- [    Test worker] com.zaxxer.hikari.HikariDataSource       : HikariPool-1 - Starting...
2024-10-01T21:57:06.017+09:00  INFO 32416 --- [    Test worker] com.zaxxer.hikari.pool.HikariPool        : HikariPool-1 - Added connection conn6: url=jdbc:h2:mem:testdb user=SA
2024-10-01T21:57:06.020+09:00  INFO 32416 --- [    Test worker] com.zaxxer.hikari.HikariDataSource       : HikariPool-1 - Start completed.
2024-10-01T21:57:06.119+09:00  INFO 32416 --- [    Test worker] o.h.e.t.j.p.i.JtaPlatformInitiator       : HHH000489: No JTA platform available (set 'hibernate.transaction.jta.platform' to enable JTA platform integration)
Hibernate: 
    drop table if exists employee cascade 
Hibernate: 
    create table employee (
        joined date not null,
        created_date timestamp(6) not null,
        id bigint generated by default as identity,
        modified_date timestamp(6) not null,
        email varchar(255) not null unique,
        name varchar(255) not null,
        tel varchar(255) not null,
        primary key (id)
    )
2024-10-01T21:57:06.127+09:00  INFO 32416 --- [    Test worker] j.LocalContainerEntityManagerFactoryBean : Initialized JPA EntityManagerFactory for persistence unit 'default'
2024-10-01T21:57:06.569+09:00  WARN 32416 --- [    Test worker] JpaBaseConfiguration$JpaWebConfiguration : spring.jpa.open-in-view is enabled by default. Therefore, database queries may be performed during view rendering. Explicitly configure spring.jpa.open-in-view to disable this warning
2024-10-01T21:57:08.656+09:00  INFO 32416 --- [    Test worker] o.s.b.a.h2.H2ConsoleAutoConfiguration    : H2 console available at '/h2-console'. Database available at 'jdbc:h2:mem:testdb'
2024-10-01T21:57:08.761+09:00  INFO 32416 --- [    Test worker] o.s.b.a.e.web.EndpointLinksResolver      : Exposing 1 endpoint beneath base path '/actuator'
2024-10-01T21:57:08.883+09:00  INFO 32416 --- [    Test worker] c.f.a.e.a.s.EmployeeQueryServiceTest     : Started EmployeeQueryServiceTest in 4.898 seconds (process running for 21.726)
]]></system-out>
  <system-err><![CDATA[]]></system-err>
</testsuite>
