<?xml version="1.0" encoding="UTF-8"?>
<testsuite name="com.fashion.api.employee.application.repository.EmployeeRepositoryTest" tests="2" skipped="0" failures="0" errors="0" timestamp="2024-10-01T12:57:02" hostname="DESKTOP-PO0IN52" time="0.951">
  <properties/>
  <testcase name="존재하지 않는 이름으로 조회()" classname="com.fashion.api.employee.application.repository.EmployeeRepositoryTest" time="0.871"/>
  <testcase name="이름 저장 후 이름으로 조회()" classname="com.fashion.api.employee.application.repository.EmployeeRepositoryTest" time="0.078"/>
  <system-out><![CDATA[Standard Commons Logging discovery in action with spring-jcl: please remove commons-logging.jar from classpath in order to avoid potential conflicts
21:56:57.358 [Test worker] INFO org.springframework.test.context.support.AnnotationConfigContextLoaderUtils -- Could not detect default configuration classes for test class [com.fashion.api.employee.application.repository.EmployeeRepositoryTest]: EmployeeRepositoryTest does not declare any static, non-private, non-final, nested classes annotated with @Configuration.
21:56:57.563 [Test worker] INFO org.springframework.boot.test.context.SpringBootTestContextBootstrapper -- Found @SpringBootConfiguration com.fashion.api.FashionApplication for test class com.fashion.api.employee.application.repository.EmployeeRepositoryTest

  .   ____          _            __ _ _
 /\\ / ___'_ __ _ _(_)_ __  __ _ \ \ \ \
( ( )\___ | '_ | '_| | '_ \/ _` | \ \ \ \
 \\/  ___)| |_)| | | | | || (_| |  ) ) ) )
  '  |____| .__|_| |_|_| |_\__, | / / / /
 =========|_|==============|___/=/_/_/_/

 :: Spring Boot ::                (v3.3.3)

2024-10-01T21:56:58.202+09:00  INFO 32416 --- [    Test worker] c.f.a.e.a.r.EmployeeRepositoryTest       : Starting EmployeeRepositoryTest using Java 21.0.4 with PID 32416 (started by Giyeol Yang in D:\clovirtual-fashion-api)
2024-10-01T21:56:58.203+09:00  INFO 32416 --- [    Test worker] c.f.a.e.a.r.EmployeeRepositoryTest       : No active profile set, falling back to 1 default profile: "default"
2024-10-01T21:56:58.787+09:00  INFO 32416 --- [    Test worker] .s.d.r.c.RepositoryConfigurationDelegate : Bootstrapping Spring Data JPA repositories in DEFAULT mode.
2024-10-01T21:56:58.894+09:00  INFO 32416 --- [    Test worker] .s.d.r.c.RepositoryConfigurationDelegate : Finished Spring Data repository scanning in 85 ms. Found 1 JPA repository interface.
2024-10-01T21:56:58.965+09:00  INFO 32416 --- [    Test worker] beddedDataSourceBeanFactoryPostProcessor : Replacing 'dataSource' DataSource bean with embedded version
2024-10-01T21:56:59.320+09:00  INFO 32416 --- [    Test worker] o.s.j.d.e.EmbeddedDatabaseFactory        : Starting embedded database: url='jdbc:h2:mem:a183429a-5b8b-47e3-ac92-e4821601213c;DB_CLOSE_DELAY=-1;DB_CLOSE_ON_EXIT=false', username='sa'
2024-10-01T21:56:59.703+09:00  INFO 32416 --- [    Test worker] o.hibernate.jpa.internal.util.LogHelper  : HHH000204: Processing PersistenceUnitInfo [name: default]
2024-10-01T21:56:59.789+09:00  INFO 32416 --- [    Test worker] org.hibernate.Version                    : HHH000412: Hibernate ORM core version 6.5.2.Final
2024-10-01T21:56:59.840+09:00  INFO 32416 --- [    Test worker] o.h.c.internal.RegionFactoryInitiator    : HHH000026: Second-level cache disabled
2024-10-01T21:57:00.254+09:00  INFO 32416 --- [    Test worker] o.s.o.j.p.SpringPersistenceUnitInfo      : No LoadTimeWeaver setup: ignoring JPA class transformer
2024-10-01T21:57:01.333+09:00  INFO 32416 --- [    Test worker] o.h.e.t.j.p.i.JtaPlatformInitiator       : HHH000489: No JTA platform available (set 'hibernate.transaction.jta.platform' to enable JTA platform integration)
Hibernate: 
    drop table if exists employee cascade 
Hibernate: 
    create table employee (
        joined date not null,
        created_date timestamp(6) not null,
        id bigint generated by default as identity,
        modified_date timestamp(6) not null,
        email varchar(255) not null unique,
        name varchar(255) not null,
        tel varchar(255) not null,
        primary key (id)
    )
2024-10-01T21:57:01.377+09:00  INFO 32416 --- [    Test worker] j.LocalContainerEntityManagerFactoryBean : Initialized JPA EntityManagerFactory for persistence unit 'default'
2024-10-01T21:57:02.241+09:00  INFO 32416 --- [    Test worker] c.f.a.e.a.r.EmployeeRepositoryTest       : Started EmployeeRepositoryTest in 4.578 seconds (process running for 15.084)
Hibernate: 
    select
        e1_0.id,
        e1_0.created_date,
        e1_0.email,
        e1_0.joined,
        e1_0.modified_date,
        e1_0.name,
        e1_0.tel 
    from
        employee e1_0 
    where
        e1_0.name=?
Hibernate: 
    select
        e1_0.id,
        e1_0.created_date,
        e1_0.email,
        e1_0.joined,
        e1_0.modified_date,
        e1_0.name,
        e1_0.tel 
    from
        employee e1_0 
    where
        e1_0.id=?
Hibernate: 
    insert 
    into
        employee
        (created_date, email, joined, modified_date, name, tel, id) 
    values
        (?, ?, ?, ?, ?, ?, default)
Hibernate: 
    select
        e1_0.id,
        e1_0.created_date,
        e1_0.email,
        e1_0.joined,
        e1_0.modified_date,
        e1_0.name,
        e1_0.tel 
    from
        employee e1_0 
    where
        e1_0.name=?
]]></system-out>
  <system-err><![CDATA[WARNING: A Java agent has been loaded dynamically (C:\Users\Giyeol Yang\.gradle\caches\modules-2\files-2.1\net.bytebuddy\byte-buddy-agent\1.14.19\154da3a65b4f4a909d3e5bdec55d1b2b4cbb6ce1\byte-buddy-agent-1.14.19.jar)
WARNING: If a serviceability tool is in use, please run with -XX:+EnableDynamicAgentLoading to hide this warning
WARNING: If a serviceability tool is not in use, please run with -Djdk.instrument.traceUsage for more information
WARNING: Dynamic loading of agents will be disallowed by default in a future release
]]></system-err>
</testsuite>
