<?xml version="1.0" encoding="UTF-8"?>
<testsuite name="com.lezhin.api.comic.application.repository.ViewHistoryRepositoryTest" tests="2" skipped="0" failures="0" errors="0" timestamp="2024-10-09T10:48:57" hostname="DESKTOP-PO0IN52" time="0.861">
  <properties/>
  <testcase name="특정 작품에 대한 조회 이력 삭제" classname="com.lezhin.api.comic.application.repository.ViewHistoryRepositoryTest" time="0.849"/>
  <testcase name="특정 작품에 대한 조회 이력 페이징 조회" classname="com.lezhin.api.comic.application.repository.ViewHistoryRepositoryTest" time="0.011"/>
  <system-out><![CDATA[19:48:52.944 [Test worker] INFO org.springframework.test.context.support.AnnotationConfigContextLoaderUtils -- Could not detect default configuration classes for test class [com.lezhin.api.comic.application.repository.ViewHistoryRepositoryTest]: ViewHistoryRepositoryTest does not declare any static, non-private, non-final, nested classes annotated with @Configuration.
19:48:53.098 [Test worker] INFO org.springframework.boot.test.context.SpringBootTestContextBootstrapper -- Found @SpringBootConfiguration com.lezhin.api.LezhinApplication for test class com.lezhin.api.comic.application.repository.ViewHistoryRepositoryTest

  .   ____          _            __ _ _
 /\\ / ___'_ __ _ _(_)_ __  __ _ \ \ \ \
( ( )\___ | '_ | '_| | '_ \/ _` | \ \ \ \
 \\/  ___)| |_)| | | | | || (_| |  ) ) ) )
  '  |____| .__|_| |_|_| |_\__, | / / / /
 =========|_|==============|___/=/_/_/_/

 :: Spring Boot ::                (v3.3.3)

2024-10-09T19:48:53.700+09:00  INFO 15248 --- [    Test worker] c.l.a.c.a.r.ViewHistoryRepositoryTest    : Starting ViewHistoryRepositoryTest using Java 21.0.4 with PID 15248 (started by Giyeol Yang in D:\lezhin-api)
2024-10-09T19:48:53.701+09:00  INFO 15248 --- [    Test worker] c.l.a.c.a.r.ViewHistoryRepositoryTest    : No active profile set, falling back to 1 default profile: "default"
2024-10-09T19:48:54.201+09:00  INFO 15248 --- [    Test worker] .s.d.r.c.RepositoryConfigurationDelegate : Bootstrapping Spring Data JPA repositories in DEFAULT mode.
2024-10-09T19:48:54.311+09:00  INFO 15248 --- [    Test worker] .s.d.r.c.RepositoryConfigurationDelegate : Finished Spring Data repository scanning in 91 ms. Found 4 JPA repository interfaces.
2024-10-09T19:48:54.389+09:00  INFO 15248 --- [    Test worker] beddedDataSourceBeanFactoryPostProcessor : Replacing 'dataSource' DataSource bean with embedded version
2024-10-09T19:48:54.649+09:00  INFO 15248 --- [    Test worker] o.s.j.d.e.EmbeddedDatabaseFactory        : Starting embedded database: url='jdbc:h2:mem:aefeda3b-3192-42c3-865f-81543b6da1a8;DB_CLOSE_DELAY=-1;DB_CLOSE_ON_EXIT=false', username='sa'
2024-10-09T19:48:54.979+09:00  INFO 15248 --- [    Test worker] o.hibernate.jpa.internal.util.LogHelper  : HHH000204: Processing PersistenceUnitInfo [name: default]
2024-10-09T19:48:55.056+09:00  INFO 15248 --- [    Test worker] org.hibernate.Version                    : HHH000412: Hibernate ORM core version 6.5.2.Final
2024-10-09T19:48:55.093+09:00  INFO 15248 --- [    Test worker] o.h.c.internal.RegionFactoryInitiator    : HHH000026: Second-level cache disabled
2024-10-09T19:48:55.429+09:00  INFO 15248 --- [    Test worker] o.s.o.j.p.SpringPersistenceUnitInfo      : No LoadTimeWeaver setup: ignoring JPA class transformer
2024-10-09T19:48:56.487+09:00  INFO 15248 --- [    Test worker] o.h.e.t.j.p.i.JtaPlatformInitiator       : HHH000489: No JTA platform available (set 'hibernate.transaction.jta.platform' to enable JTA platform integration)
Hibernate: 
    drop table if exists buy cascade 
Hibernate: 
    drop table if exists comic cascade 
Hibernate: 
    drop table if exists member cascade 
Hibernate: 
    drop table if exists view_history cascade 
Hibernate: 
    create table buy (
        amount_paid integer not null,
        comic_id bigint not null,
        id bigint generated by default as identity,
        member_id bigint not null,
        purchase_date timestamp(6) not null,
        payment_status enum ('FAILED','PENDING','SUCCESS') not null,
        primary key (id)
    )
Hibernate: 
    create table comic (
        is_free boolean not null,
        price integer not null,
        purchase_count integer not null,
        view_count integer not null,
        created_at timestamp(6) not null,
        event_end_date timestamp(6),
        event_start_date timestamp(6),
        id bigint generated by default as identity,
        updated_at timestamp(6),
        title varchar(255) not null,
        primary key (id)
    )
Hibernate: 
    create table member (
        is_adult boolean not null,
        id bigint generated by default as identity,
        username varchar(255) not null,
        primary key (id)
    )
Hibernate: 
    create table view_history (
        comic_id bigint not null,
        id bigint generated by default as identity,
        member_id bigint not null,
        viewed_at timestamp(6) not null,
        primary key (id)
    )
Hibernate: 
    alter table if exists buy 
       add constraint FKp0p4rqel886lkqehqj8i19erq 
       foreign key (comic_id) 
       references comic
Hibernate: 
    alter table if exists buy 
       add constraint FKri6ekoltwb2quwuvfl0q4n5ld 
       foreign key (member_id) 
       references member
Hibernate: 
    alter table if exists view_history 
       add constraint FK1cjqqh142252o4aq3289554jc 
       foreign key (comic_id) 
       references comic
Hibernate: 
    alter table if exists view_history 
       add constraint FKp2gqpr2jayc2s4jihoq552wwt 
       foreign key (member_id) 
       references member
2024-10-09T19:48:56.558+09:00  INFO 15248 --- [    Test worker] j.LocalContainerEntityManagerFactoryBean : Initialized JPA EntityManagerFactory for persistence unit 'default'
2024-10-09T19:48:57.431+09:00  INFO 15248 --- [    Test worker] c.l.a.c.a.r.ViewHistoryRepositoryTest    : Started ViewHistoryRepositoryTest in 4.229 seconds (process running for 13.608)
Hibernate: 
    insert 
    into
        comic
        (created_at, event_end_date, event_start_date, is_free, price, purchase_count, title, updated_at, view_count, id) 
    values
        (?, ?, ?, ?, ?, ?, ?, ?, ?, default)
Hibernate: 
    insert 
    into
        member
        (is_adult, username, id) 
    values
        (?, ?, default)
Hibernate: 
    insert 
    into
        view_history
        (comic_id, member_id, viewed_at, id) 
    values
        (?, ?, ?, default)
Hibernate: 
    insert 
    into
        view_history
        (comic_id, member_id, viewed_at, id) 
    values
        (?, ?, ?, default)
Hibernate: 
    select
        vh1_0.id,
        vh1_0.comic_id,
        vh1_0.member_id,
        vh1_0.viewed_at 
    from
        view_history vh1_0 
    where
        vh1_0.comic_id=?
Hibernate: 
    delete 
    from
        view_history 
    where
        id=?
Hibernate: 
    delete 
    from
        view_history 
    where
        id=?
Hibernate: 
    select
        vh1_0.id,
        vh1_0.comic_id,
        vh1_0.member_id,
        vh1_0.viewed_at 
    from
        view_history vh1_0 
    where
        vh1_0.comic_id=? 
    fetch
        first ? rows only
Hibernate: 
    insert 
    into
        comic
        (created_at, event_end_date, event_start_date, is_free, price, purchase_count, title, updated_at, view_count, id) 
    values
        (?, ?, ?, ?, ?, ?, ?, ?, ?, default)
Hibernate: 
    insert 
    into
        member
        (is_adult, username, id) 
    values
        (?, ?, default)
Hibernate: 
    insert 
    into
        view_history
        (comic_id, member_id, viewed_at, id) 
    values
        (?, ?, ?, default)
Hibernate: 
    insert 
    into
        view_history
        (comic_id, member_id, viewed_at, id) 
    values
        (?, ?, ?, default)
Hibernate: 
    select
        vh1_0.id,
        vh1_0.comic_id,
        vh1_0.member_id,
        vh1_0.viewed_at 
    from
        view_history vh1_0 
    where
        vh1_0.comic_id=? 
    fetch
        first ? rows only
]]></system-out>
  <system-err><![CDATA[WARNING: A Java agent has been loaded dynamically (C:\Users\Giyeol Yang\.gradle\caches\modules-2\files-2.1\net.bytebuddy\byte-buddy-agent\1.14.19\154da3a65b4f4a909d3e5bdec55d1b2b4cbb6ce1\byte-buddy-agent-1.14.19.jar)
WARNING: If a serviceability tool is in use, please run with -XX:+EnableDynamicAgentLoading to hide this warning
WARNING: If a serviceability tool is not in use, please run with -Djdk.instrument.traceUsage for more information
WARNING: Dynamic loading of agents will be disallowed by default in a future release
]]></system-err>
</testsuite>
